mode: set
github.com\nazwa\galaxy-empires\ge\data_loader.go:9.54,12.16 2 1
github.com\nazwa\galaxy-empires\ge\data_loader.go:15.2,16.16 2 1
github.com\nazwa\galaxy-empires\ge\data_loader.go:19.2,19.12 1 1
github.com\nazwa\galaxy-empires\ge\data_loader.go:12.16,14.3 1 1
github.com\nazwa\galaxy-empires\ge\data_loader.go:16.16,18.3 1 0
github.com\nazwa\galaxy-empires\ge\data_loader.go:22.46,24.2 1 0
github.com\nazwa\galaxy-empires\ge\building.go:27.67,30.36 2 0
github.com\nazwa\galaxy-empires\ge\building.go:30.36,34.3 3 0
github.com\nazwa\galaxy-empires\ge\building.go:37.61,40.36 2 0
github.com\nazwa\galaxy-empires\ge\building.go:50.2,54.12 5 0
github.com\nazwa\galaxy-empires\ge\building.go:40.36,49.3 2 0
github.com\nazwa\galaxy-empires\ge\building.go:57.63,59.2 1 0
github.com\nazwa\galaxy-empires\ge\building.go:61.59,63.2 1 0
github.com\nazwa\galaxy-empires\ge\player.go:27.66,30.2 2 0
github.com\nazwa\galaxy-empires\ge\player.go:31.45,33.16 2 0
github.com\nazwa\galaxy-empires\ge\player.go:36.2,36.12 1 0
github.com\nazwa\galaxy-empires\ge\player.go:33.16,35.3 1 0
github.com\nazwa\galaxy-empires\ge\player.go:39.61,41.2 1 0
github.com\nazwa\galaxy-empires\ge\player.go:43.56,44.19 1 0
github.com\nazwa\galaxy-empires\ge\player.go:47.2,47.23 1 0
github.com\nazwa\galaxy-empires\ge\player.go:51.2,54.22 3 0
github.com\nazwa\galaxy-empires\ge\player.go:57.2,58.39 2 0
github.com\nazwa\galaxy-empires\ge\player.go:44.19,46.3 1 0
github.com\nazwa\galaxy-empires\ge\player.go:47.23,49.3 1 0
github.com\nazwa\galaxy-empires\ge\player.go:54.22,56.3 1 0
github.com\nazwa\galaxy-empires\ge\player.go:61.58,65.22 3 0
github.com\nazwa\galaxy-empires\ge\player.go:68.2,68.32 1 0
github.com\nazwa\galaxy-empires\ge\player.go:71.2,71.22 1 0
github.com\nazwa\galaxy-empires\ge\player.go:65.22,67.3 1 0
github.com\nazwa\galaxy-empires\ge\player.go:68.32,70.3 1 0
github.com\nazwa\galaxy-empires\ge\resources.go:21.70,25.2 1 1
github.com\nazwa\galaxy-empires\ge\resources.go:27.64,31.2 3 1
github.com\nazwa\galaxy-empires\ge\resources.go:33.59,37.2 3 0
github.com\nazwa\galaxy-empires\ge\resources.go:39.69,45.2 1 1
github.com\nazwa\galaxy-empires\ge\resources.go:47.58,53.2 5 0
github.com\nazwa\galaxy-empires\ge\resources.go:55.63,61.2 5 1
github.com\nazwa\galaxy-empires\ge\data_player.go:14.55,18.55 2 1
github.com\nazwa\galaxy-empires\ge\data_player.go:22.2,22.14 1 1
github.com\nazwa\galaxy-empires\ge\data_player.go:18.55,19.13 1 1
github.com\nazwa\galaxy-empires\ge\data_player.go:29.63,34.25 3 1
github.com\nazwa\galaxy-empires\ge\data_player.go:50.2,51.12 2 1
github.com\nazwa\galaxy-empires\ge\data_player.go:34.25,36.40 1 1
github.com\nazwa\galaxy-empires\ge\data_player.go:36.40,38.4 1 1
github.com\nazwa\galaxy-empires\ge\data_player.go:39.3,42.7 2 1
github.com\nazwa\galaxy-empires\ge\data_player.go:48.3,48.20 1 1
github.com\nazwa\galaxy-empires\ge\data_player.go:42.7,44.38 2 1
github.com\nazwa\galaxy-empires\ge\data_player.go:44.38,45.10 1 1
github.com\nazwa\galaxy-empires\ge\data_player.go:57.49,62.2 3 1
github.com\nazwa\galaxy-empires\ge\data_player.go:64.60,68.38 3 1
github.com\nazwa\galaxy-empires\ge\data_player.go:68.38,70.3 1 1
github.com\nazwa\galaxy-empires\ge\data_player.go:70.3,72.3 1 1
github.com\nazwa\galaxy-empires\ge\data_player.go:75.70,79.35 3 1
github.com\nazwa\galaxy-empires\ge\data_player.go:84.2,84.12 1 1
github.com\nazwa\galaxy-empires\ge\data_player.go:79.35,80.45 1 1
github.com\nazwa\galaxy-empires\ge\data_player.go:80.45,82.4 1 1
github.com\nazwa\galaxy-empires\ge\planet.go:35.98,37.16 2 0
github.com\nazwa\galaxy-empires\ge\planet.go:41.2,65.20 14 0
github.com\nazwa\galaxy-empires\ge\planet.go:37.16,39.3 1 0
github.com\nazwa\galaxy-empires\ge\planet.go:68.77,75.2 2 0
github.com\nazwa\galaxy-empires\ge\planet.go:77.85,83.36 4 0
github.com\nazwa\galaxy-empires\ge\planet.go:87.2,91.29 4 0
github.com\nazwa\galaxy-empires\ge\planet.go:83.36,85.3 1 0
github.com\nazwa\galaxy-empires\ge\planet.go:94.96,96.2 1 0
github.com\nazwa\galaxy-empires\ge\planet.go:98.72,104.2 1 0
github.com\nazwa\galaxy-empires\ge\planet.go:106.75,110.44 3 0
github.com\nazwa\galaxy-empires\ge\planet.go:113.2,115.12 2 0
github.com\nazwa\galaxy-empires\ge\planet.go:110.44,112.3 1 0
github.com\nazwa\galaxy-empires\ge\planet.go:119.64,124.2 3 0
github.com\nazwa\galaxy-empires\ge\planet.go:129.83,133.33 3 0
github.com\nazwa\galaxy-empires\ge\planet.go:138.2,138.47 1 0
github.com\nazwa\galaxy-empires\ge\planet.go:133.33,135.3 1 0
github.com\nazwa\galaxy-empires\ge\planet.go:138.47,146.3 4 0
github.com\nazwa\galaxy-empires\ge\planet.go:149.80,153.33 3 0
github.com\nazwa\galaxy-empires\ge\planet.go:157.2,161.48 4 0
github.com\nazwa\galaxy-empires\ge\planet.go:165.2,165.40 1 0
github.com\nazwa\galaxy-empires\ge\planet.go:171.2,173.50 2 0
github.com\nazwa\galaxy-empires\ge\planet.go:177.2,184.12 2 0
github.com\nazwa\galaxy-empires\ge\planet.go:153.33,155.3 1 0
github.com\nazwa\galaxy-empires\ge\planet.go:161.48,163.3 1 0
github.com\nazwa\galaxy-empires\ge\planet.go:165.40,167.3 1 0
github.com\nazwa\galaxy-empires\ge\planet.go:167.3,169.3 1 0
github.com\nazwa\galaxy-empires\ge\planet.go:173.50,175.3 1 0
github.com\nazwa\galaxy-empires\ge\planet.go:187.41,191.33 3 0
github.com\nazwa\galaxy-empires\ge\planet.go:195.2,198.8 3 0
github.com\nazwa\galaxy-empires\ge\planet.go:191.33,193.3 1 0
github.com\nazwa\galaxy-empires\ge\planet.go:201.80,205.33 3 0
github.com\nazwa\galaxy-empires\ge\planet.go:209.2,213.47 4 0
github.com\nazwa\galaxy-empires\ge\planet.go:217.2,217.39 1 0
github.com\nazwa\galaxy-empires\ge\planet.go:223.2,225.50 2 0
github.com\nazwa\galaxy-empires\ge\planet.go:229.2,236.12 2 0
github.com\nazwa\galaxy-empires\ge\planet.go:205.33,207.3 1 0
github.com\nazwa\galaxy-empires\ge\planet.go:213.47,215.3 1 0
github.com\nazwa\galaxy-empires\ge\planet.go:217.39,219.3 1 0
github.com\nazwa\galaxy-empires\ge\planet.go:219.3,221.3 1 0
github.com\nazwa\galaxy-empires\ge\planet.go:225.50,227.3 1 0
github.com\nazwa\galaxy-empires\ge\planet.go:239.41,243.33 3 0
github.com\nazwa\galaxy-empires\ge\planet.go:247.2,250.8 3 0
github.com\nazwa\galaxy-empires\ge\planet.go:243.33,245.3 1 0
github.com\nazwa\galaxy-empires\ge\player_public_map.go:3.70,8.13 3 0
github.com\nazwa\galaxy-empires\ge\player_public_map.go:19.2,19.13 1 0
github.com\nazwa\galaxy-empires\ge\player_public_map.go:8.13,13.28 5 0
github.com\nazwa\galaxy-empires\ge\player_public_map.go:16.3,16.28 1 0
github.com\nazwa\galaxy-empires\ge\player_public_map.go:13.28,15.4 1 0
github.com\nazwa\galaxy-empires\ge\universe.go:19.72,28.35 4 1
github.com\nazwa\galaxy-empires\ge\universe.go:40.2,40.17 1 1
github.com\nazwa\galaxy-empires\ge\universe.go:28.35,30.39 2 1
github.com\nazwa\galaxy-empires\ge\universe.go:30.39,37.4 3 1
github.com\nazwa\galaxy-empires\ge\universe.go:43.54,45.2 1 0
github.com\nazwa\galaxy-empires\ge\universe.go:47.82,49.2 1 0
github.com\nazwa\galaxy-empires\ge\universe.go:51.76,53.2 1 1
github.com\nazwa\galaxy-empires\ge\universe.go:55.87,58.2 2 1
github.com\nazwa\galaxy-empires\ge\universe.go:60.66,63.28 2 1
github.com\nazwa\galaxy-empires\ge\universe.go:70.2,70.13 1 1
github.com\nazwa\galaxy-empires\ge\universe.go:63.28,64.32 1 1
github.com\nazwa\galaxy-empires\ge\universe.go:64.32,65.42 1 1
github.com\nazwa\galaxy-empires\ge\universe.go:65.42,67.5 1 1
github.com\nazwa\galaxy-empires\ge\universe.go:73.74,78.40 3 1
github.com\nazwa\galaxy-empires\ge\universe.go:84.2,84.25 1 1
github.com\nazwa\galaxy-empires\ge\universe.go:87.2,93.8 2 1
github.com\nazwa\galaxy-empires\ge\universe.go:78.40,79.20 1 1
github.com\nazwa\galaxy-empires\ge\universe.go:79.20,81.4 1 1
github.com\nazwa\galaxy-empires\ge\universe.go:84.25,86.3 1 1
github.com\nazwa\galaxy-empires\ge\data_base.go:12.66,16.62 3 0
github.com\nazwa\galaxy-empires\ge\data_base.go:19.2,20.61 2 0
github.com\nazwa\galaxy-empires\ge\data_base.go:24.2,27.14 3 0
github.com\nazwa\galaxy-empires\ge\data_base.go:16.62,17.13 1 0
github.com\nazwa\galaxy-empires\ge\data_base.go:20.61,21.13 1 0
github.com\nazwa\galaxy-empires\ge\data_base.go:30.64,31.41 1 0
github.com\nazwa\galaxy-empires\ge\data_base.go:37.2,37.26 1 0
github.com\nazwa\galaxy-empires\ge\data_base.go:31.41,33.51 1 0
github.com\nazwa\galaxy-empires\ge\data_base.go:33.51,35.4 1 0
github.com\nazwa\galaxy-empires\ge\data_base.go:40.43,45.2 4 0
github.com\nazwa\galaxy-empires\ge\data_base.go:47.58,48.39 1 0
github.com\nazwa\galaxy-empires\ge\data_base.go:48.39,51.3 2 0
github.com\nazwa\galaxy-empires\ge\ge.go:11.86,25.2 5 0
github.com\nazwa\galaxy-empires\ge\planet_public_map.go:3.70,10.13 5 0
github.com\nazwa\galaxy-empires\ge\planet_public_map.go:18.2,18.13 1 0
github.com\nazwa\galaxy-empires\ge\planet_public_map.go:10.13,16.3 5 0
github.com\nazwa\galaxy-empires\ge\research.go:22.61,25.36 2 0
github.com\nazwa\galaxy-empires\ge\research.go:35.2,39.12 5 0
github.com\nazwa\galaxy-empires\ge\research.go:25.36,34.3 2 0
github.com\nazwa\galaxy-empires\ge\research.go:42.63,44.2 1 0
