mode: set
github.com\nazwa\galaxy-empires\ge\building.go:53.63,54.14 1 1
github.com\nazwa\galaxy-empires\ge\building.go:57.2,57.56 1 1
github.com\nazwa\galaxy-empires\ge\building.go:60.2,60.10 1 0
github.com\nazwa\galaxy-empires\ge\building.go:54.14,56.3 1 1
github.com\nazwa\galaxy-empires\ge\building.go:57.56,59.3 1 1
github.com\nazwa\galaxy-empires\ge\building.go:63.61,66.36 2 0
github.com\nazwa\galaxy-empires\ge\building.go:66.36,75.3 2 0
github.com\nazwa\galaxy-empires\ge\building.go:78.47,80.2 1 0
github.com\nazwa\galaxy-empires\ge\building.go:82.63,84.2 1 0
github.com\nazwa\galaxy-empires\ge\building_mine.go:21.71,24.36 2 1
github.com\nazwa\galaxy-empires\ge\building_mine.go:24.36,28.3 3 1
github.com\nazwa\galaxy-empires\ge\building_mine.go:31.63,32.44 1 1
github.com\nazwa\galaxy-empires\ge\building_mine.go:35.2,35.33 1 1
github.com\nazwa\galaxy-empires\ge\building_mine.go:32.44,34.3 1 0
github.com\nazwa\galaxy-empires\ge\ge.go:11.86,25.2 5 0
github.com\nazwa\galaxy-empires\ge\research.go:22.61,25.36 2 0
github.com\nazwa\galaxy-empires\ge\research.go:35.2,39.12 5 0
github.com\nazwa\galaxy-empires\ge\research.go:25.36,34.3 2 0
github.com\nazwa\galaxy-empires\ge\research.go:42.63,44.2 1 0
github.com\nazwa\galaxy-empires\ge\resources.go:21.70,25.2 1 1
github.com\nazwa\galaxy-empires\ge\resources.go:27.64,31.2 3 1
github.com\nazwa\galaxy-empires\ge\resources.go:33.59,37.2 3 1
github.com\nazwa\galaxy-empires\ge\resources.go:39.69,45.2 1 1
github.com\nazwa\galaxy-empires\ge\resources.go:47.58,53.2 5 0
github.com\nazwa\galaxy-empires\ge\resources.go:55.63,61.2 5 1
github.com\nazwa\galaxy-empires\ge\data_base.go:12.66,21.61 5 0
github.com\nazwa\galaxy-empires\ge\data_base.go:25.2,27.14 2 0
github.com\nazwa\galaxy-empires\ge\data_base.go:21.61,22.13 1 0
github.com\nazwa\galaxy-empires\ge\data_base.go:30.58,31.39 1 0
github.com\nazwa\galaxy-empires\ge\data_base.go:31.39,32.52 1 0
github.com\nazwa\galaxy-empires\ge\data_base.go:36.3,36.55 1 0
github.com\nazwa\galaxy-empires\ge\data_base.go:32.52,34.4 1 0
github.com\nazwa\galaxy-empires\ge\data_base.go:36.55,38.4 1 0
github.com\nazwa\galaxy-empires\ge\data_base.go:42.86,44.40 2 0
github.com\nazwa\galaxy-empires\ge\data_base.go:51.2,51.13 1 0
github.com\nazwa\galaxy-empires\ge\data_base.go:44.40,49.3 1 0
github.com\nazwa\galaxy-empires\ge\data_base.go:54.49,87.2 4 0
github.com\nazwa\galaxy-empires\ge\planet.go:35.98,37.16 2 0
github.com\nazwa\galaxy-empires\ge\planet.go:41.2,59.20 10 0
github.com\nazwa\galaxy-empires\ge\planet.go:37.16,39.3 1 0
github.com\nazwa\galaxy-empires\ge\planet.go:62.74,63.34 1 1
github.com\nazwa\galaxy-empires\ge\planet.go:66.2,66.12 1 1
github.com\nazwa\galaxy-empires\ge\planet.go:63.34,65.3 1 1
github.com\nazwa\galaxy-empires\ge\planet.go:70.45,72.2 1 1
github.com\nazwa\galaxy-empires\ge\planet.go:74.52,81.2 2 0
github.com\nazwa\galaxy-empires\ge\planet.go:83.60,89.36 4 1
github.com\nazwa\galaxy-empires\ge\planet.go:93.2,97.33 4 1
github.com\nazwa\galaxy-empires\ge\planet.go:89.36,91.3 1 1
github.com\nazwa\galaxy-empires\ge\planet.go:101.101,103.2 1 1
github.com\nazwa\galaxy-empires\ge\planet.go:106.49,112.2 1 1
github.com\nazwa\galaxy-empires\ge\planet.go:114.75,118.44 3 1
github.com\nazwa\galaxy-empires\ge\planet.go:121.2,123.12 2 1
github.com\nazwa\galaxy-empires\ge\planet.go:118.44,120.3 1 1
github.com\nazwa\galaxy-empires\ge\planet.go:127.64,132.2 3 1
github.com\nazwa\galaxy-empires\ge\planet.go:137.58,141.33 3 0
github.com\nazwa\galaxy-empires\ge\planet.go:146.2,146.47 1 0
github.com\nazwa\galaxy-empires\ge\planet.go:141.33,143.3 1 0
github.com\nazwa\galaxy-empires\ge\planet.go:146.47,153.22 3 0
github.com\nazwa\galaxy-empires\ge\planet.go:156.3,159.29 3 0
github.com\nazwa\galaxy-empires\ge\planet.go:153.22,154.33 1 0
github.com\nazwa\galaxy-empires\ge\planet.go:163.61,167.33 3 0
github.com\nazwa\galaxy-empires\ge\planet.go:171.2,172.20 2 0
github.com\nazwa\galaxy-empires\ge\planet.go:176.2,180.50 3 0
github.com\nazwa\galaxy-empires\ge\planet.go:184.2,191.12 2 0
github.com\nazwa\galaxy-empires\ge\planet.go:167.33,169.3 1 0
github.com\nazwa\galaxy-empires\ge\planet.go:172.20,174.3 1 0
github.com\nazwa\galaxy-empires\ge\planet.go:180.50,182.3 1 0
github.com\nazwa\galaxy-empires\ge\planet.go:194.41,198.33 3 0
github.com\nazwa\galaxy-empires\ge\planet.go:202.2,205.8 3 0
github.com\nazwa\galaxy-empires\ge\planet.go:198.33,200.3 1 0
github.com\nazwa\galaxy-empires\ge\player.go:27.66,30.2 2 0
github.com\nazwa\galaxy-empires\ge\player.go:31.45,33.16 2 0
github.com\nazwa\galaxy-empires\ge\player.go:36.2,36.12 1 0
github.com\nazwa\galaxy-empires\ge\player.go:33.16,35.3 1 0
github.com\nazwa\galaxy-empires\ge\player.go:39.61,41.2 1 0
github.com\nazwa\galaxy-empires\ge\player.go:43.56,44.19 1 0
github.com\nazwa\galaxy-empires\ge\player.go:47.2,47.23 1 0
github.com\nazwa\galaxy-empires\ge\player.go:51.2,54.22 3 0
github.com\nazwa\galaxy-empires\ge\player.go:57.2,58.39 2 0
github.com\nazwa\galaxy-empires\ge\player.go:44.19,46.3 1 0
github.com\nazwa\galaxy-empires\ge\player.go:47.23,49.3 1 0
github.com\nazwa\galaxy-empires\ge\player.go:54.22,56.3 1 0
github.com\nazwa\galaxy-empires\ge\player.go:61.58,65.22 3 0
github.com\nazwa\galaxy-empires\ge\player.go:68.2,68.32 1 0
github.com\nazwa\galaxy-empires\ge\player.go:71.2,71.22 1 0
github.com\nazwa\galaxy-empires\ge\player.go:65.22,67.3 1 0
github.com\nazwa\galaxy-empires\ge\player.go:68.32,70.3 1 0
github.com\nazwa\galaxy-empires\ge\data_player.go:14.55,18.55 2 1
github.com\nazwa\galaxy-empires\ge\data_player.go:22.2,22.14 1 1
github.com\nazwa\galaxy-empires\ge\data_player.go:18.55,19.13 1 1
github.com\nazwa\galaxy-empires\ge\data_player.go:29.63,34.25 3 1
github.com\nazwa\galaxy-empires\ge\data_player.go:50.2,51.12 2 1
github.com\nazwa\galaxy-empires\ge\data_player.go:34.25,36.40 1 1
github.com\nazwa\galaxy-empires\ge\data_player.go:36.40,38.4 1 1
github.com\nazwa\galaxy-empires\ge\data_player.go:39.3,42.7 2 1
github.com\nazwa\galaxy-empires\ge\data_player.go:48.3,48.20 1 1
github.com\nazwa\galaxy-empires\ge\data_player.go:42.7,44.38 2 1
github.com\nazwa\galaxy-empires\ge\data_player.go:44.38,45.10 1 1
github.com\nazwa\galaxy-empires\ge\data_player.go:57.49,62.2 3 1
github.com\nazwa\galaxy-empires\ge\data_player.go:64.60,68.38 3 1
github.com\nazwa\galaxy-empires\ge\data_player.go:68.38,70.3 1 1
github.com\nazwa\galaxy-empires\ge\data_player.go:70.3,72.3 1 1
github.com\nazwa\galaxy-empires\ge\data_player.go:75.70,79.35 3 1
github.com\nazwa\galaxy-empires\ge\data_player.go:84.2,84.12 1 1
github.com\nazwa\galaxy-empires\ge\data_player.go:79.35,80.45 1 1
github.com\nazwa\galaxy-empires\ge\data_player.go:80.45,82.4 1 1
github.com\nazwa\galaxy-empires\ge\player_public_map.go:3.70,8.13 3 0
github.com\nazwa\galaxy-empires\ge\player_public_map.go:19.2,19.13 1 0
github.com\nazwa\galaxy-empires\ge\player_public_map.go:8.13,13.28 5 0
github.com\nazwa\galaxy-empires\ge\player_public_map.go:16.3,16.28 1 0
github.com\nazwa\galaxy-empires\ge\player_public_map.go:13.28,15.4 1 0
github.com\nazwa\galaxy-empires\ge\building_type.go:12.65,13.68 1 0
github.com\nazwa\galaxy-empires\ge\building_type.go:16.2,16.36 1 0
github.com\nazwa\galaxy-empires\ge\building_type.go:13.68,15.3 1 0
github.com\nazwa\galaxy-empires\ge\building_type.go:20.61,21.66 1 0
github.com\nazwa\galaxy-empires\ge\building_type.go:24.2,24.34 1 0
github.com\nazwa\galaxy-empires\ge\building_type.go:21.66,23.3 1 0
github.com\nazwa\galaxy-empires\ge\building_type.go:27.40,29.2 1 0
github.com\nazwa\galaxy-empires\ge\building_type.go:33.67,35.27 2 0
github.com\nazwa\galaxy-empires\ge\building_type.go:38.2,38.15 1 0
github.com\nazwa\galaxy-empires\ge\building_type.go:35.27,37.3 1 0
github.com\nazwa\galaxy-empires\ge\data_loader.go:9.54,12.16 2 1
github.com\nazwa\galaxy-empires\ge\data_loader.go:15.2,16.16 2 1
github.com\nazwa\galaxy-empires\ge\data_loader.go:19.2,19.12 1 1
github.com\nazwa\galaxy-empires\ge\data_loader.go:12.16,14.3 1 1
github.com\nazwa\galaxy-empires\ge\data_loader.go:16.16,18.3 1 0
github.com\nazwa\galaxy-empires\ge\data_loader.go:22.46,24.2 1 0
github.com\nazwa\galaxy-empires\ge\planet_public_map.go:3.70,10.13 5 0
github.com\nazwa\galaxy-empires\ge\planet_public_map.go:18.2,18.13 1 0
github.com\nazwa\galaxy-empires\ge\planet_public_map.go:10.13,16.3 5 0
github.com\nazwa\galaxy-empires\ge\universe.go:19.72,28.35 4 1
github.com\nazwa\galaxy-empires\ge\universe.go:40.2,40.17 1 1
github.com\nazwa\galaxy-empires\ge\universe.go:28.35,30.39 2 1
github.com\nazwa\galaxy-empires\ge\universe.go:30.39,37.4 3 1
github.com\nazwa\galaxy-empires\ge\universe.go:43.54,45.2 1 0
github.com\nazwa\galaxy-empires\ge\universe.go:47.82,49.2 1 0
github.com\nazwa\galaxy-empires\ge\universe.go:51.76,53.2 1 1
github.com\nazwa\galaxy-empires\ge\universe.go:55.87,58.2 2 1
github.com\nazwa\galaxy-empires\ge\universe.go:60.66,63.28 2 1
github.com\nazwa\galaxy-empires\ge\universe.go:70.2,70.13 1 1
github.com\nazwa\galaxy-empires\ge\universe.go:63.28,64.32 1 1
github.com\nazwa\galaxy-empires\ge\universe.go:64.32,65.42 1 1
github.com\nazwa\galaxy-empires\ge\universe.go:65.42,67.5 1 1
github.com\nazwa\galaxy-empires\ge\universe.go:73.74,78.40 3 1
github.com\nazwa\galaxy-empires\ge\universe.go:84.2,84.25 1 1
github.com\nazwa\galaxy-empires\ge\universe.go:87.2,93.8 2 1
github.com\nazwa\galaxy-empires\ge\universe.go:78.40,79.20 1 1
github.com\nazwa\galaxy-empires\ge\universe.go:79.20,81.4 1 1
github.com\nazwa\galaxy-empires\ge\universe.go:84.25,86.3 1 1
