mode: set
github.com\nazwa\galaxy-empires\data_player.go:14.55,18.55 2 1
github.com\nazwa\galaxy-empires\data_player.go:22.2,22.14 1 1
github.com\nazwa\galaxy-empires\data_player.go:18.55,19.13 1 0
github.com\nazwa\galaxy-empires\data_player.go:25.57,32.6 4 1
github.com\nazwa\galaxy-empires\data_player.go:38.2,39.27 2 1
github.com\nazwa\galaxy-empires\data_player.go:32.6,34.37 2 1
github.com\nazwa\galaxy-empires\data_player.go:34.37,35.9 1 1
github.com\nazwa\galaxy-empires\data_player.go:42.49,47.2 3 0
github.com\nazwa\galaxy-empires\data_player.go:49.60,54.2 3 1
github.com\nazwa\galaxy-empires\data_player.go:56.70,60.35 3 0
github.com\nazwa\galaxy-empires\data_player.go:65.2,65.12 1 0
github.com\nazwa\galaxy-empires\data_player.go:60.35,61.45 1 0
github.com\nazwa\galaxy-empires\data_player.go:61.45,63.4 1 0
github.com\nazwa\galaxy-empires\handler_player.go:12.34,16.2 3 0
github.com\nazwa\galaxy-empires\handler_player.go:18.58,22.2 3 0
github.com\nazwa\galaxy-empires\handler_player.go:24.45,28.2 2 0
github.com\nazwa\galaxy-empires\handler_player.go:30.49,33.2 1 0
github.com\nazwa\galaxy-empires\middleware_player.go:10.65,13.20 1 1
github.com\nazwa\galaxy-empires\middleware_player.go:17.2,17.30 1 1
github.com\nazwa\galaxy-empires\middleware_player.go:13.20,14.36 1 1
github.com\nazwa\galaxy-empires\middleware_player.go:17.30,19.51 2 1
github.com\nazwa\galaxy-empires\middleware_player.go:19.51,22.4 2 1
github.com\nazwa\galaxy-empires\middleware_player.go:22.4,24.4 1 1
github.com\nazwa\galaxy-empires\buildings.go:27.67,30.36 2 0
github.com\nazwa\galaxy-empires\buildings.go:30.36,34.3 3 0
github.com\nazwa\galaxy-empires\buildings.go:37.61,40.36 2 0
github.com\nazwa\galaxy-empires\buildings.go:50.2,54.12 5 0
github.com\nazwa\galaxy-empires\buildings.go:40.36,49.3 2 0
github.com\nazwa\galaxy-empires\buildings.go:57.63,59.2 1 0
github.com\nazwa\galaxy-empires\buildings.go:61.59,63.2 1 0
github.com\nazwa\galaxy-empires\config.go:9.54,14.16 3 1
github.com\nazwa\galaxy-empires\config.go:17.2,18.16 2 1
github.com\nazwa\galaxy-empires\config.go:21.2,21.12 1 1
github.com\nazwa\galaxy-empires\config.go:14.16,16.3 1 0
github.com\nazwa\galaxy-empires\config.go:18.16,20.3 1 0
github.com\nazwa\galaxy-empires\data_base.go:12.66,16.62 3 0
github.com\nazwa\galaxy-empires\data_base.go:19.2,20.61 2 0
github.com\nazwa\galaxy-empires\data_base.go:24.2,27.14 3 0
github.com\nazwa\galaxy-empires\data_base.go:16.62,17.13 1 0
github.com\nazwa\galaxy-empires\data_base.go:20.61,21.13 1 0
github.com\nazwa\galaxy-empires\data_base.go:30.64,31.41 1 0
github.com\nazwa\galaxy-empires\data_base.go:37.2,37.26 1 0
github.com\nazwa\galaxy-empires\data_base.go:31.41,33.51 1 0
github.com\nazwa\galaxy-empires\data_base.go:33.51,35.4 1 0
github.com\nazwa\galaxy-empires\data_base.go:40.43,45.2 4 0
github.com\nazwa\galaxy-empires\data_base.go:47.58,48.39 1 0
github.com\nazwa\galaxy-empires\data_base.go:48.39,51.3 2 0
github.com\nazwa\galaxy-empires\handler_planet.go:17.34,22.2 4 0
github.com\nazwa\galaxy-empires\handler_planet.go:24.58,28.2 3 0
github.com\nazwa\galaxy-empires\handler_planet.go:30.45,35.2 3 0
github.com\nazwa\galaxy-empires\handler_planet.go:37.48,43.2 4 0
github.com\nazwa\galaxy-empires\handler_planet.go:45.55,49.68 3 0
github.com\nazwa\galaxy-empires\handler_planet.go:53.2,53.32 1 0
github.com\nazwa\galaxy-empires\handler_planet.go:49.68,52.3 2 0
github.com\nazwa\galaxy-empires\public_player.go:3.70,8.13 3 0
github.com\nazwa\galaxy-empires\public_player.go:19.2,19.13 1 0
github.com\nazwa\galaxy-empires\public_player.go:8.13,13.28 5 0
github.com\nazwa\galaxy-empires\public_player.go:16.3,16.28 1 0
github.com\nazwa\galaxy-empires\public_player.go:13.28,15.4 1 0
github.com\nazwa\galaxy-empires\handler_account.go:13.35,16.2 2 0
github.com\nazwa\galaxy-empires\handler_account.go:18.60,22.2 3 0
github.com\nazwa\galaxy-empires\handler_account.go:24.55,29.68 3 0
github.com\nazwa\galaxy-empires\handler_account.go:34.2,34.61 1 0
github.com\nazwa\galaxy-empires\handler_account.go:42.2,42.29 1 0
github.com\nazwa\galaxy-empires\handler_account.go:29.68,32.3 2 0
github.com\nazwa\galaxy-empires\handler_account.go:34.61,35.49 1 0
github.com\nazwa\galaxy-empires\handler_account.go:40.3,40.9 1 0
github.com\nazwa\galaxy-empires\handler_account.go:35.49,37.4 1 0
github.com\nazwa\galaxy-empires\handler_account.go:37.4,39.4 1 0
github.com\nazwa\galaxy-empires\handler_account.go:46.58,49.46 2 0
github.com\nazwa\galaxy-empires\handler_account.go:55.2,55.52 1 0
github.com\nazwa\galaxy-empires\handler_account.go:60.2,64.16 3 0
github.com\nazwa\galaxy-empires\handler_account.go:70.2,72.29 2 0
github.com\nazwa\galaxy-empires\handler_account.go:49.46,52.3 2 0
github.com\nazwa\galaxy-empires\handler_account.go:55.52,58.3 2 0
github.com\nazwa\galaxy-empires\handler_account.go:64.16,68.3 3 0
github.com\nazwa\galaxy-empires\handler_account.go:75.79,76.57 1 0
github.com\nazwa\galaxy-empires\handler_account.go:76.57,78.3 1 0
github.com\nazwa\galaxy-empires\handler_account.go:78.3,80.3 1 0
github.com\nazwa\galaxy-empires\main.go:18.13,40.39 15 0
github.com\nazwa\galaxy-empires\main.go:40.39,41.13 1 0
github.com\nazwa\galaxy-empires\planet.go:32.98,34.16 2 0
github.com\nazwa\galaxy-empires\planet.go:38.2,62.20 14 0
github.com\nazwa\galaxy-empires\planet.go:34.16,36.3 1 0
github.com\nazwa\galaxy-empires\planet.go:65.77,72.2 2 0
github.com\nazwa\galaxy-empires\planet.go:74.85,80.36 4 0
github.com\nazwa\galaxy-empires\planet.go:84.2,88.29 4 0
github.com\nazwa\galaxy-empires\planet.go:80.36,82.3 1 0
github.com\nazwa\galaxy-empires\planet.go:91.96,93.2 1 0
github.com\nazwa\galaxy-empires\planet.go:95.72,101.2 1 0
github.com\nazwa\galaxy-empires\planet.go:103.75,107.44 3 0
github.com\nazwa\galaxy-empires\planet.go:111.2,113.12 2 0
github.com\nazwa\galaxy-empires\planet.go:107.44,109.3 1 0
github.com\nazwa\galaxy-empires\planet.go:119.83,123.33 3 0
github.com\nazwa\galaxy-empires\planet.go:128.2,128.47 1 0
github.com\nazwa\galaxy-empires\planet.go:123.33,125.3 1 0
github.com\nazwa\galaxy-empires\planet.go:128.47,136.3 4 0
github.com\nazwa\galaxy-empires\planet.go:139.80,143.33 3 0
github.com\nazwa\galaxy-empires\planet.go:147.2,151.48 4 0
github.com\nazwa\galaxy-empires\planet.go:155.2,155.40 1 0
github.com\nazwa\galaxy-empires\planet.go:161.2,163.50 2 0
github.com\nazwa\galaxy-empires\planet.go:167.2,174.12 2 0
github.com\nazwa\galaxy-empires\planet.go:143.33,145.3 1 0
github.com\nazwa\galaxy-empires\planet.go:151.48,153.3 1 0
github.com\nazwa\galaxy-empires\planet.go:155.40,157.3 1 0
github.com\nazwa\galaxy-empires\planet.go:157.3,159.3 1 0
github.com\nazwa\galaxy-empires\planet.go:163.50,165.3 1 0
github.com\nazwa\galaxy-empires\player.go:29.66,32.2 2 0
github.com\nazwa\galaxy-empires\player.go:33.45,35.16 2 0
github.com\nazwa\galaxy-empires\player.go:38.2,38.12 1 0
github.com\nazwa\galaxy-empires\player.go:35.16,37.3 1 0
github.com\nazwa\galaxy-empires\player.go:41.59,50.2 4 0
github.com\nazwa\galaxy-empires\player.go:52.61,54.2 1 0
github.com\nazwa\galaxy-empires\player.go:56.56,57.19 1 1
github.com\nazwa\galaxy-empires\player.go:60.2,60.23 1 1
github.com\nazwa\galaxy-empires\player.go:64.2,67.22 3 1
github.com\nazwa\galaxy-empires\player.go:70.2,71.39 2 1
github.com\nazwa\galaxy-empires\player.go:57.19,59.3 1 0
github.com\nazwa\galaxy-empires\player.go:60.23,62.3 1 0
github.com\nazwa\galaxy-empires\player.go:67.22,69.3 1 1
github.com\nazwa\galaxy-empires\player.go:74.58,78.22 3 1
github.com\nazwa\galaxy-empires\player.go:81.2,81.32 1 1
github.com\nazwa\galaxy-empires\player.go:84.2,84.22 1 1
github.com\nazwa\galaxy-empires\player.go:78.22,80.3 1 0
github.com\nazwa\galaxy-empires\player.go:81.32,83.3 1 1
github.com\nazwa\galaxy-empires\resources.go:21.70,25.2 1 1
github.com\nazwa\galaxy-empires\resources.go:27.64,31.2 3 1
github.com\nazwa\galaxy-empires\resources.go:33.69,39.2 1 1
github.com\nazwa\galaxy-empires\resources.go:40.63,46.2 5 1
github.com\nazwa\galaxy-empires\universe.go:19.74,28.35 4 1
github.com\nazwa\galaxy-empires\universe.go:40.2,40.17 1 1
github.com\nazwa\galaxy-empires\universe.go:28.35,30.39 2 1
github.com\nazwa\galaxy-empires\universe.go:30.39,37.4 3 1
github.com\nazwa\galaxy-empires\universe.go:43.54,45.2 1 0
github.com\nazwa\galaxy-empires\universe.go:47.82,49.2 1 0
github.com\nazwa\galaxy-empires\universe.go:51.76,53.2 1 1
github.com\nazwa\galaxy-empires\universe.go:55.87,58.2 2 1
github.com\nazwa\galaxy-empires\universe.go:60.66,63.28 2 1
github.com\nazwa\galaxy-empires\universe.go:70.2,70.13 1 1
github.com\nazwa\galaxy-empires\universe.go:63.28,64.32 1 1
github.com\nazwa\galaxy-empires\universe.go:64.32,65.42 1 1
github.com\nazwa\galaxy-empires\universe.go:65.42,67.5 1 1
github.com\nazwa\galaxy-empires\universe.go:73.74,78.40 3 1
github.com\nazwa\galaxy-empires\universe.go:84.2,84.25 1 1
github.com\nazwa\galaxy-empires\universe.go:87.2,93.8 2 1
github.com\nazwa\galaxy-empires\universe.go:78.40,79.20 1 1
github.com\nazwa\galaxy-empires\universe.go:79.20,81.4 1 1
github.com\nazwa\galaxy-empires\universe.go:84.25,86.3 1 1
github.com\nazwa\galaxy-empires\middleware_planet.go:10.41,12.30 1 1
github.com\nazwa\galaxy-empires\middleware_planet.go:12.30,16.17 3 1
github.com\nazwa\galaxy-empires\middleware_planet.go:21.3,22.20 2 1
github.com\nazwa\galaxy-empires\middleware_planet.go:26.3,26.33 1 1
github.com\nazwa\galaxy-empires\middleware_planet.go:16.17,19.4 2 1
github.com\nazwa\galaxy-empires\middleware_planet.go:22.20,25.4 2 1
github.com\nazwa\galaxy-empires\public_planet.go:3.70,10.13 5 0
github.com\nazwa\galaxy-empires\public_planet.go:18.2,18.13 1 0
github.com\nazwa\galaxy-empires\public_planet.go:10.13,16.3 5 0
