mode: set
github.com\nazwa\galaxy-empires\middleware\authentication.go:24.59,27.53 1 1
github.com\nazwa\galaxy-empires\middleware\authentication.go:31.2,31.30 1 1
github.com\nazwa\galaxy-empires\middleware\authentication.go:27.53,28.35 1 1
github.com\nazwa\galaxy-empires\middleware\authentication.go:31.30,35.17 3 1
github.com\nazwa\galaxy-empires\middleware\authentication.go:40.3,41.29 2 1
github.com\nazwa\galaxy-empires\middleware\authentication.go:35.17,38.4 2 1
github.com\nazwa\galaxy-empires\middleware\authentication.go:46.80,47.25 1 1
github.com\nazwa\galaxy-empires\middleware\authentication.go:51.2,51.77 1 1
github.com\nazwa\galaxy-empires\middleware\authentication.go:64.2,64.32 1 1
github.com\nazwa\galaxy-empires\middleware\authentication.go:68.2,68.19 1 1
github.com\nazwa\galaxy-empires\middleware\authentication.go:47.25,49.3 1 1
github.com\nazwa\galaxy-empires\middleware\authentication.go:51.77,53.54 1 1
github.com\nazwa\galaxy-empires\middleware\authentication.go:57.3,57.35 1 1
github.com\nazwa\galaxy-empires\middleware\authentication.go:61.3,61.28 1 1
github.com\nazwa\galaxy-empires\middleware\authentication.go:53.54,55.4 1 1
github.com\nazwa\galaxy-empires\middleware\authentication.go:57.35,59.4 1 1
github.com\nazwa\galaxy-empires\middleware\authentication.go:64.32,66.3 1 1
github.com\nazwa\galaxy-empires\middleware\database.go:14.39,16.16 2 0
github.com\nazwa\galaxy-empires\middleware\database.go:19.2,19.43 1 0
github.com\nazwa\galaxy-empires\middleware\database.go:22.2,22.12 1 0
github.com\nazwa\galaxy-empires\middleware\database.go:16.16,18.3 1 0
github.com\nazwa\galaxy-empires\middleware\database.go:19.43,21.3 1 0
github.com\nazwa\galaxy-empires\middleware\database.go:26.50,28.42 2 0
github.com\nazwa\galaxy-empires\middleware\database.go:32.2,32.30 1 0
github.com\nazwa\galaxy-empires\middleware\database.go:28.42,29.13 1 0
github.com\nazwa\galaxy-empires\middleware\database.go:32.30,35.3 2 0
github.com\nazwa\galaxy-empires\middleware\errors.go:17.60,18.15 1 0
github.com\nazwa\galaxy-empires\middleware\errors.go:30.2,30.48 1 0
github.com\nazwa\galaxy-empires\middleware\errors.go:19.2,20.48 1 0
github.com\nazwa\galaxy-empires\middleware\errors.go:21.2,22.70 1 0
github.com\nazwa\galaxy-empires\middleware\errors.go:23.2,24.68 1 0
github.com\nazwa\galaxy-empires\middleware\errors.go:25.2,26.45 1 0
github.com\nazwa\galaxy-empires\middleware\errors.go:27.2,28.72 1 0
github.com\nazwa\galaxy-empires\middleware\errors.go:34.71,38.30 3 0
github.com\nazwa\galaxy-empires\middleware\errors.go:38.30,41.24 2 0
github.com\nazwa\galaxy-empires\middleware\errors.go:41.24,42.31 1 0
github.com\nazwa\galaxy-empires\middleware\errors.go:74.4,74.27 1 0
github.com\nazwa\galaxy-empires\middleware\errors.go:42.31,44.19 1 0
github.com\nazwa\galaxy-empires\middleware\errors.go:45.5,47.29 1 0
github.com\nazwa\galaxy-empires\middleware\errors.go:50.5,53.42 3 0
github.com\nazwa\galaxy-empires\middleware\errors.go:58.6,59.44 2 0
github.com\nazwa\galaxy-empires\middleware\errors.go:62.6,62.43 1 0
github.com\nazwa\galaxy-empires\middleware\errors.go:64.5,67.23 2 0
github.com\nazwa\galaxy-empires\middleware\errors.go:47.29,49.7 1 0
github.com\nazwa\galaxy-empires\middleware\errors.go:53.42,55.7 1 0
github.com\nazwa\galaxy-empires\middleware\errors.go:59.44,61.7 1 0
github.com\nazwa\galaxy-empires\middleware\errors.go:67.23,69.7 1 0
github.com\nazwa\galaxy-empires\middleware\errors.go:74.27,76.5 1 0
github.com\nazwa\galaxy-empires\middleware\planet.go:11.41,13.30 1 1
github.com\nazwa\galaxy-empires\middleware\planet.go:13.30,17.17 3 1
github.com\nazwa\galaxy-empires\middleware\planet.go:22.3,23.20 2 1
github.com\nazwa\galaxy-empires\middleware\planet.go:27.3,27.36 1 1
github.com\nazwa\galaxy-empires\middleware\planet.go:17.17,20.4 2 1
github.com\nazwa\galaxy-empires\middleware\planet.go:23.20,26.4 2 1
github.com\nazwa\galaxy-empires\middleware\player.go:10.68,13.20 1 1
github.com\nazwa\galaxy-empires\middleware\player.go:17.2,17.30 1 1
github.com\nazwa\galaxy-empires\middleware\player.go:13.20,14.39 1 1
github.com\nazwa\galaxy-empires\middleware\player.go:17.30,19.51 2 1
github.com\nazwa\galaxy-empires\middleware\player.go:19.51,22.4 2 1
github.com\nazwa\galaxy-empires\middleware\player.go:22.4,24.4 1 1
